Traceback (most recent call last):
  File "/opt/hostedtoolcache/Python/3.9.18/x64/lib/python3.9/site-packages/jupyter_cache/executors/utils.py", line 58, in single_nb_execution
    executenb(
  File "/opt/hostedtoolcache/Python/3.9.18/x64/lib/python3.9/site-packages/nbclient/client.py", line 1305, in execute
    return NotebookClient(nb=nb, resources=resources, km=km, **kwargs).execute()
  File "/opt/hostedtoolcache/Python/3.9.18/x64/lib/python3.9/site-packages/jupyter_core/utils/__init__.py", line 165, in wrapped
    return loop.run_until_complete(inner)
  File "/opt/hostedtoolcache/Python/3.9.18/x64/lib/python3.9/asyncio/base_events.py", line 647, in run_until_complete
    return future.result()
  File "/opt/hostedtoolcache/Python/3.9.18/x64/lib/python3.9/site-packages/nbclient/client.py", line 705, in async_execute
    await self.async_execute_cell(
  File "/opt/hostedtoolcache/Python/3.9.18/x64/lib/python3.9/site-packages/nbclient/client.py", line 1058, in async_execute_cell
    await self._check_raise_for_error(cell, cell_index, exec_reply)
  File "/opt/hostedtoolcache/Python/3.9.18/x64/lib/python3.9/site-packages/nbclient/client.py", line 914, in _check_raise_for_error
    raise CellExecutionError.from_cell_and_msg(cell, exec_reply_content)
nbclient.exceptions.CellExecutionError: An error occurred while executing the following cell:
------------------
#Part d

# For aluminum
u_aluminum = np.zeros((14, 1))
u_aluminum[2:13] = y_aluminum
reaction_forces_aluminum = np.dot(K, u_aluminum)

node_positions = np.array([[i, 0] for i in range(0, 1000, 200)])

# Plot the undeformed structure
for i in range(len(node_positions)-1):
    plt.plot(node_positions[i:i+2, 0], node_positions[i:i+2, 1], 'k--')

# Plot the deformed structure for aluminum (scaled displacements)
deformation_scale = 5.0  # Scale factor for displacements
for i in range(2, 13):
    # Plot the deformed positions of the nodes
    plt.plot(
        [node_positions[i-2, 0], node_positions[i-2, 0] + deformation_scale * u_aluminum[i]],
        [node_positions[i-2, 1], node_positions[i-2, 1] + deformation_scale * u_aluminum[i+1]],
        'b-'
    )

# Plot the reaction forces as vectors
for i in range(2, 13):
    plt.quiver(
        node_positions[i-2, 0], node_positions[i-2, 1],
        reaction_forces_aluminum[i], reaction_forces_aluminum[i+1],
        angles='xy', scale_units='xy', scale=1, color='r'
    )

plt.xlabel('x (mm)')
plt.ylabel('y (mm)')
plt.title('Deformed Structure with Displacements and Reaction Forces')
plt.axis('equal')
plt.grid(True)
plt.show()
------------------


[0;31m---------------------------------------------------------------------------[0m
[0;31mValueError[0m                                Traceback (most recent call last)
Cell [0;32mIn[7], line 18[0m
[1;32m     15[0m deformation_scale [38;5;241m=[39m [38;5;241m5.0[39m  [38;5;66;03m# Scale factor for displacements[39;00m
[1;32m     16[0m [38;5;28;01mfor[39;00m i [38;5;129;01min[39;00m [38;5;28mrange[39m([38;5;241m2[39m, [38;5;241m13[39m):
[1;32m     17[0m     [38;5;66;03m# Plot the deformed positions of the nodes[39;00m
[0;32m---> 18[0m     [43mplt[49m[38;5;241;43m.[39;49m[43mplot[49m[43m([49m
[1;32m     19[0m [43m        [49m[43m[[49m[43mnode_positions[49m[43m[[49m[43mi[49m[38;5;241;43m-[39;49m[38;5;241;43m2[39;49m[43m,[49m[43m [49m[38;5;241;43m0[39;49m[43m][49m[43m,[49m[43m [49m[43mnode_positions[49m[43m[[49m[43mi[49m[38;5;241;43m-[39;49m[38;5;241;43m2[39;49m[43m,[49m[43m [49m[38;5;241;43m0[39;49m[43m][49m[43m [49m[38;5;241;43m+[39;49m[43m [49m[43mdeformation_scale[49m[43m [49m[38;5;241;43m*[39;49m[43m [49m[43mu_aluminum[49m[43m[[49m[43mi[49m[43m][49m[43m][49m[43m,[49m
[1;32m     20[0m [43m        [49m[43m[[49m[43mnode_positions[49m[43m[[49m[43mi[49m[38;5;241;43m-[39;49m[38;5;241;43m2[39;49m[43m,[49m[43m [49m[38;5;241;43m1[39;49m[43m][49m[43m,[49m[43m [49m[43mnode_positions[49m[43m[[49m[43mi[49m[38;5;241;43m-[39;49m[38;5;241;43m2[39;49m[43m,[49m[43m [49m[38;5;241;43m1[39;49m[43m][49m[43m [49m[38;5;241;43m+[39;49m[43m [49m[43mdeformation_scale[49m[43m [49m[38;5;241;43m*[39;49m[43m [49m[43mu_aluminum[49m[43m[[49m[43mi[49m[38;5;241;43m+[39;49m[38;5;241;43m1[39;49m[43m][49m[43m][49m[43m,[49m
[1;32m     21[0m [43m        [49m[38;5;124;43m'[39;49m[38;5;124;43mb-[39;49m[38;5;124;43m'[39;49m
[1;32m     22[0m [43m    [49m[43m)[49m
[1;32m     24[0m [38;5;66;03m# Plot the reaction forces as vectors[39;00m
[1;32m     25[0m [38;5;28;01mfor[39;00m i [38;5;129;01min[39;00m [38;5;28mrange[39m([38;5;241m2[39m, [38;5;241m13[39m):

File [0;32m/opt/hostedtoolcache/Python/3.9.18/x64/lib/python3.9/site-packages/matplotlib/pyplot.py:3575[0m, in [0;36mplot[0;34m(scalex, scaley, data, *args, **kwargs)[0m
[1;32m   3567[0m [38;5;129m@_copy_docstring_and_deprecators[39m(Axes[38;5;241m.[39mplot)
[1;32m   3568[0m [38;5;28;01mdef[39;00m [38;5;21mplot[39m(
[1;32m   3569[0m     [38;5;241m*[39margs: [38;5;28mfloat[39m [38;5;241m|[39m ArrayLike [38;5;241m|[39m [38;5;28mstr[39m,
[0;32m   (...)[0m
[1;32m   3573[0m     [38;5;241m*[39m[38;5;241m*[39mkwargs,
[1;32m   3574[0m ) [38;5;241m-[39m[38;5;241m>[39m [38;5;28mlist[39m[Line2D]:
[0;32m-> 3575[0m     [38;5;28;01mreturn[39;00m [43mgca[49m[43m([49m[43m)[49m[38;5;241;43m.[39;49m[43mplot[49m[43m([49m
[1;32m   3576[0m [43m        [49m[38;5;241;43m*[39;49m[43margs[49m[43m,[49m
[1;32m   3577[0m [43m        [49m[43mscalex[49m[38;5;241;43m=[39;49m[43mscalex[49m[43m,[49m
[1;32m   3578[0m [43m        [49m[43mscaley[49m[38;5;241;43m=[39;49m[43mscaley[49m[43m,[49m
[1;32m   3579[0m [43m        [49m[38;5;241;43m*[39;49m[38;5;241;43m*[39;49m[43m([49m[43m{[49m[38;5;124;43m"[39;49m[38;5;124;43mdata[39;49m[38;5;124;43m"[39;49m[43m:[49m[43m [49m[43mdata[49m[43m}[49m[43m [49m[38;5;28;43;01mif[39;49;00m[43m [49m[43mdata[49m[43m [49m[38;5;129;43;01mis[39;49;00m[43m [49m[38;5;129;43;01mnot[39;49;00m[43m [49m[38;5;28;43;01mNone[39;49;00m[43m [49m[38;5;28;43;01melse[39;49;00m[43m [49m[43m{[49m[43m}[49m[43m)[49m[43m,[49m
[1;32m   3580[0m [43m        [49m[38;5;241;43m*[39;49m[38;5;241;43m*[39;49m[43mkwargs[49m[43m,[49m
[1;32m   3581[0m [43m    [49m[43m)[49m

File [0;32m/opt/hostedtoolcache/Python/3.9.18/x64/lib/python3.9/site-packages/matplotlib/axes/_axes.py:1721[0m, in [0;36mAxes.plot[0;34m(self, scalex, scaley, data, *args, **kwargs)[0m
[1;32m   1478[0m [38;5;250m[39m[38;5;124;03m"""[39;00m
[1;32m   1479[0m [38;5;124;03mPlot y versus x as lines and/or markers.[39;00m
[1;32m   1480[0m 
[0;32m   (...)[0m
[1;32m   1718[0m [38;5;124;03m(``'green'``) or hex strings (``'#008000'``).[39;00m
[1;32m   1719[0m [38;5;124;03m"""[39;00m
[1;32m   1720[0m kwargs [38;5;241m=[39m cbook[38;5;241m.[39mnormalize_kwargs(kwargs, mlines[38;5;241m.[39mLine2D)
[0;32m-> 1721[0m lines [38;5;241m=[39m [[38;5;241m*[39m[38;5;28mself[39m[38;5;241m.[39m_get_lines([38;5;28mself[39m, [38;5;241m*[39margs, data[38;5;241m=[39mdata, [38;5;241m*[39m[38;5;241m*[39mkwargs)]
[1;32m   1722[0m [38;5;28;01mfor[39;00m line [38;5;129;01min[39;00m lines:
[1;32m   1723[0m     [38;5;28mself[39m[38;5;241m.[39madd_line(line)

File [0;32m/opt/hostedtoolcache/Python/3.9.18/x64/lib/python3.9/site-packages/matplotlib/axes/_base.py:303[0m, in [0;36m_process_plot_var_args.__call__[0;34m(self, axes, data, *args, **kwargs)[0m
[1;32m    301[0m     this [38;5;241m+[39m[38;5;241m=[39m args[[38;5;241m0[39m],
[1;32m    302[0m     args [38;5;241m=[39m args[[38;5;241m1[39m:]
[0;32m--> 303[0m [38;5;28;01myield from[39;00m [38;5;28;43mself[39;49m[38;5;241;43m.[39;49m[43m_plot_args[49m[43m([49m
[1;32m    304[0m [43m    [49m[43maxes[49m[43m,[49m[43m [49m[43mthis[49m[43m,[49m[43m [49m[43mkwargs[49m[43m,[49m[43m [49m[43mambiguous_fmt_datakey[49m[38;5;241;43m=[39;49m[43mambiguous_fmt_datakey[49m[43m)[49m

File [0;32m/opt/hostedtoolcache/Python/3.9.18/x64/lib/python3.9/site-packages/matplotlib/axes/_base.py:488[0m, in [0;36m_process_plot_var_args._plot_args[0;34m(self, axes, tup, kwargs, return_kwargs, ambiguous_fmt_datakey)[0m
[1;32m    485[0m         kw[prop_name] [38;5;241m=[39m val
[1;32m    487[0m [38;5;28;01mif[39;00m [38;5;28mlen[39m(xy) [38;5;241m==[39m [38;5;241m2[39m:
[0;32m--> 488[0m     x [38;5;241m=[39m [43m_check_1d[49m[43m([49m[43mxy[49m[43m[[49m[38;5;241;43m0[39;49m[43m][49m[43m)[49m
[1;32m    489[0m     y [38;5;241m=[39m _check_1d(xy[[38;5;241m1[39m])
[1;32m    490[0m [38;5;28;01melse[39;00m:

File [0;32m/opt/hostedtoolcache/Python/3.9.18/x64/lib/python3.9/site-packages/matplotlib/cbook.py:1358[0m, in [0;36m_check_1d[0;34m(x)[0m
[1;32m   1352[0m [38;5;66;03m# plot requires `shape` and `ndim`.  If passed an[39;00m
[1;32m   1353[0m [38;5;66;03m# object that doesn't provide them, then force to numpy array.[39;00m
[1;32m   1354[0m [38;5;66;03m# Note this will strip unit information.[39;00m
[1;32m   1355[0m [38;5;28;01mif[39;00m ([38;5;129;01mnot[39;00m [38;5;28mhasattr[39m(x, [38;5;124m'[39m[38;5;124mshape[39m[38;5;124m'[39m) [38;5;129;01mor[39;00m
[1;32m   1356[0m         [38;5;129;01mnot[39;00m [38;5;28mhasattr[39m(x, [38;5;124m'[39m[38;5;124mndim[39m[38;5;124m'[39m) [38;5;129;01mor[39;00m
[1;32m   1357[0m         [38;5;28mlen[39m(x[38;5;241m.[39mshape) [38;5;241m<[39m [38;5;241m1[39m):
[0;32m-> 1358[0m     [38;5;28;01mreturn[39;00m [43mnp[49m[38;5;241;43m.[39;49m[43matleast_1d[49m[43m([49m[43mx[49m[43m)[49m
[1;32m   1359[0m [38;5;28;01melse[39;00m:
[1;32m   1360[0m     [38;5;28;01mreturn[39;00m x

File [0;32m/opt/hostedtoolcache/Python/3.9.18/x64/lib/python3.9/site-packages/numpy/core/shape_base.py:65[0m, in [0;36matleast_1d[0;34m(*arys)[0m
[1;32m     63[0m res [38;5;241m=[39m []
[1;32m     64[0m [38;5;28;01mfor[39;00m ary [38;5;129;01min[39;00m arys:
[0;32m---> 65[0m     ary [38;5;241m=[39m [43masanyarray[49m[43m([49m[43mary[49m[43m)[49m
[1;32m     66[0m     [38;5;28;01mif[39;00m ary[38;5;241m.[39mndim [38;5;241m==[39m [38;5;241m0[39m:
[1;32m     67[0m         result [38;5;241m=[39m ary[38;5;241m.[39mreshape([38;5;241m1[39m)

[0;31mValueError[0m: setting an array element with a sequence. The requested array has an inhomogeneous shape after 1 dimensions. The detected shape was (2,) + inhomogeneous part.

